<?xml version="1.0" encoding="utf-8"?><testsuites name="pytest tests"><testsuite name="pytest" errors="0" failures="0" skipped="0" tests="18" time="4.514" timestamp="2026-04-30T22:49:31.812673+00:00" hostname="agent-env-c5e24c1d-0b7c-4dd6-b24e-cc9f1ef9b783"><testcase classname="backend.tests.test_phase7.TestAuth" name="test_health" time="0.184" /><testcase classname="backend.tests.test_phase7.TestAuth" name="test_login_success" time="0.414" /><testcase classname="backend.tests.test_phase7.TestAuth" name="test_login_bad_creds" time="0.330" /><testcase classname="backend.tests.test_phase7.TestAuth" name="test_forgot_and_reset_password" time="1.708" /><testcase classname="backend.tests.test_phase7.TestSuppliersPurchases" name="test_supplier_list_has_payable_fields" time="0.622" /><testcase classname="backend.tests.test_phase7.TestSuppliersPurchases" name="test_supplier_detail" time="0.052" /><testcase classname="backend.tests.test_phase7.TestSuppliersPurchases" name="test_purchase_list_enrichment" time="0.054" /><testcase classname="backend.tests.test_phase7.TestSuppliersPurchases" name="test_purchase_detail_has_credit_notes_key" time="0.059" /><testcase classname="backend.tests.test_phase7.TestSupplierReturnCriticalFlow" name="test_supplier_return_preserves_purchase_total" time="0.143" /><testcase classname="backend.tests.test_phase7.TestSupplierReturnCriticalFlow" name="test_delete_supplier_return_reverses_adjustment" time="0.101" /><testcase classname="backend.tests.test_phase7.TestReports" name="test_customer_outstanding_has_credit_notes_annexure" time="0.145" /><testcase classname="backend.tests.test_phase7.TestReports" name="test_supplier_outstanding_report" time="0.054" /><testcase classname="backend.tests.test_phase7.TestReports" name="test_supplier_payable_subtracts_credit_notes" time="0.166" /><testcase classname="backend.tests.test_phase7.TestReports" name="test_customer_ledger" time="0.063" /><testcase classname="backend.tests.test_phase7.TestReports" name="test_supplier_ledger" time="0.053" /><testcase classname="backend.tests.test_phase7.TestPayments" name="test_multi_cheque_valid" time="0.198" /><testcase classname="backend.tests.test_phase7.TestPayments" name="test_multi_cheque_mismatch_rejected" time="0.051" /><testcase classname="backend.tests.test_phase7.TestPayments" name="test_allocation_exceeds_amount_rejected" time="0.048" /></testsuite></testsuites>