<?xml version="1.0" encoding="utf-8"?><testsuites name="pytest tests"><testsuite name="pytest" errors="0" failures="0" skipped="0" tests="15" time="3.145" timestamp="2026-05-11T18:08:43.482026+00:00" hostname="agent-env-c5e24c1d-0b7c-4dd6-b24e-cc9f1ef9b783"><testcase classname="backend.tests.test_phase10.TestBackdatedReturns" name="test_return_created_at_honored" time="0.990" /><testcase classname="backend.tests.test_phase10.TestBackdatedReturns" name="test_list_returns_shows_backdated_row" time="0.073" /><testcase classname="backend.tests.test_phase10.TestBackdatedReturns" name="test_customer_outstanding_reflects_returned_amount" time="0.070" /><testcase classname="backend.tests.test_phase10.TestBackdatedReturns" name="test_customer_ledger_credit_note_uses_backdate" time="0.076" /><testcase classname="backend.tests.test_phase10.TestReturnedStockInHistoricalInvoice" name="test_invoice_items_have_correct_sources_and_cost" time="0.350" /><testcase classname="backend.tests.test_phase10.TestReturnedStockInHistoricalInvoice" name="test_auto_purchase_only_has_supplier_line" time="0.081" /><testcase classname="backend.tests.test_phase10.TestReturnedStockInHistoricalInvoice" name="test_returned_stock_quantity_used_incremented" time="0.069" /><testcase classname="backend.tests.test_phase10.TestReturnedStockInHistoricalInvoice" name="test_validation_rejects_overdraw" time="0.061" /><testcase classname="backend.tests.test_phase10.TestCustomerOpeningBalanceDate" name="test_customer_get_returns_both_fields" time="0.388" /><testcase classname="backend.tests.test_phase10.TestCustomerOpeningBalanceDate" name="test_ledger_returns_opening_balance_and_filters_pre_date" time="0.065" /><testcase classname="backend.tests.test_phase10.TestSupplierOpeningBalanceDate" name="test_supplier_get_returns_both_fields" time="0.414" /><testcase classname="backend.tests.test_phase10.TestSupplierOpeningBalanceDate" name="test_supplier_ledger_returns_opening_date_and_filters" time="0.064" /><testcase classname="backend.tests.test_phase10.TestSmokeRegression" name="test_customer_outstanding_smoke" time="0.128" /><testcase classname="backend.tests.test_phase10.TestSmokeRegression" name="test_supplier_outstanding_smoke" time="0.138" /><testcase classname="backend.tests.test_phase10.TestSmokeRegression" name="test_supplier_payable_smoke" time="0.081" /></testsuite></testsuites>