<?xml version="1.0" encoding="utf-8"?><testsuites name="pytest tests"><testsuite name="pytest" errors="0" failures="0" skipped="0" tests="15" time="1.949" timestamp="2026-05-02T09:45:59.731829+00:00" hostname="agent-env-c5e24c1d-0b7c-4dd6-b24e-cc9f1ef9b783"><testcase classname="tests.test_phase8_9.TestHealth" name="test_health_endpoint_ok" time="0.129" /><testcase classname="tests.test_phase8_9.TestHealth" name="test_helpers_module_present" time="0.000" /><testcase classname="tests.test_phase8_9.TestBrandingNoTypo" name="test_no_commerical_typo_in_backend_source" time="0.004" /><testcase classname="tests.test_phase8_9.TestBrandingNoTypo" name="test_email_service_uses_commercial_trading" time="0.000" /><testcase classname="tests.test_phase8_9.TestBrandingNoTypo" name="test_settings_endpoint_has_no_typo" time="0.477" /><testcase classname="tests.test_phase8_9.TestCustomerOutstandingWithReturns" name="test_outstanding_returned_column_is_2500" time="0.237" /><testcase classname="tests.test_phase8_9.TestCustomerOutstandingWithReturns" name="test_outstanding_returns_annexure_contains_cn" time="0.045" /><testcase classname="tests.test_phase8_9.TestCustomerOutstandingWithReturns" name="test_ledger_has_credit_note_entry" time="0.045" /><testcase classname="tests.test_phase8_9.TestCustomerOutstandingWithReturns" name="test_returned_still_shown_when_balance_zero" time="0.185" /><testcase classname="tests.test_phase8_9.TestSupplierLedgerEntries" name="test_supplier_ledger_returns_entries_list" time="0.094" /><testcase classname="tests.test_phase8_9.TestPhase91MandatoryScenario" name="test_suppliers_list_payable_is_250000" time="0.466" /><testcase classname="tests.test_phase8_9.TestPhase91MandatoryScenario" name="test_supplier_detail_payable_is_250000" time="0.044" /><testcase classname="tests.test_phase8_9.TestPhase91MandatoryScenario" name="test_reports_supplier_payable_is_250000" time="0.044" /><testcase classname="tests.test_phase8_9.TestPhase91MandatoryScenario" name="test_reports_supplier_outstanding_matches_canonical_formula" time="0.045" /><testcase classname="tests.test_phase8_9.TestPhase91MandatoryScenario" name="test_purchase_total_amount_never_overwritten" time="0.043" /></testsuite></testsuites>